c:\users\administrator\documents\visual studio 2013\projects\project1\project1\debug\vc120.pdb
c:\users\administrator\documents\visual studio 2013\projects\project1\project1\debug\vc120.idb
c:\users\administrator\documents\visual studio 2013\projects\project1\project1\debug\testxml.obj
c:\users\administrator\documents\visual studio 2013\projects\project1\project1\debug\test.obj
c:\users\administrator\documents\visual studio 2013\projects\project1\debug\project1.pdb
c:\users\administrator\documents\visual studio 2013\projects\project1\project1\debug\project1.tlog\cl.command.1.tlog
c:\users\administrator\documents\visual studio 2013\projects\project1\project1\debug\project1.tlog\cl.read.1.tlog
c:\users\administrator\documents\visual studio 2013\projects\project1\project1\debug\project1.tlog\cl.write.1.tlog
c:\users\administrator\documents\visual studio 2013\projects\project1\project1\debug\project1.tlog\link-cvtres.read.1.tlog
c:\users\administrator\documents\visual studio 2013\projects\project1\project1\debug\project1.tlog\link-cvtres.write.1.tlog
c:\users\administrator\documents\visual studio 2013\projects\project1\project1\debug\project1.tlog\link-rc.read.1.tlog
c:\users\administrator\documents\visual studio 2013\projects\project1\project1\debug\project1.tlog\link-rc.write.1.tlog
c:\users\administrator\documents\visual studio 2013\projects\project1\project1\debug\project1.tlog\link.18496-cvtres.read.1.tlog
c:\users\administrator\documents\visual studio 2013\projects\project1\project1\debug\project1.tlog\link.18496-cvtres.write.1.tlog
c:\users\administrator\documents\visual studio 2013\projects\project1\project1\debug\project1.tlog\link.18496-rc.read.1.tlog
c:\users\administrator\documents\visual studio 2013\projects\project1\project1\debug\project1.tlog\link.18496-rc.write.1.tlog
c:\users\administrator\documents\visual studio 2013\projects\project1\project1\debug\project1.tlog\link.18496.read.1.tlog
c:\users\administrator\documents\visual studio 2013\projects\project1\project1\debug\project1.tlog\link.18496.write.1.tlog
c:\users\administrator\documents\visual studio 2013\projects\project1\project1\debug\project1.tlog\link.command.1.tlog
c:\users\administrator\documents\visual studio 2013\projects\project1\project1\debug\project1.tlog\link.read.1.tlog
c:\users\administrator\documents\visual studio 2013\projects\project1\project1\debug\project1.tlog\link.write.1.tlog
